#
# A fatal error has been detected by the Java Runtime Environment:
#
#  Internal Error (javaClasses.cpp:136), pid=1428, tid=2272
#  fatal error: Invalid layout of preloaded class
#
# JRE version:  (7.0_55-b14) (build )
# Java VM: Java HotSpot(TM) Client VM (24.55-b03 mixed mode windows-x86 )
# Failed to write core dump. Minidumps are not enabled by default on client versions of Windows
#
# If you would like to submit a bug report, please visit:
#   http://bugreport.sun.com/bugreport/crash.jsp
#

---------------  T H R E A D  ---------------

Current thread (0x001cc400):  JavaThread "Unknown thread" [_thread_in_vm, id=2272, stack(0x007e0000,0x00830000)]

Stack: [0x007e0000,0x00830000],  sp=0x0082f57c,  free space=317k
Native frames: (J=compiled Java code, j=interpreted, Vv=VM code, C=native code)
V  [jvm.dll+0x18e051]
V  [jvm.dll+0x187dd6]
V  [jvm.dll+0x358ba]
V  [jvm.dll+0x35946]
V  [jvm.dll+0x43fed]
V  [jvm.dll+0x4429e]
V  [jvm.dll+0x926aa]
V  [jvm.dll+0x92a5b]
V  [jvm.dll+0x13db41]
V  [jvm.dll+0x1606ac]
V  [jvm.dll+0xc8e1f]
C  [javaw.exe+0x13ce]
C  [javaw.exe+0x1e40]
C  [javaw.exe+0xa5b1]
C  [javaw.exe+0xa63b]
C  [kernel32.dll+0x4ee1c]
C  [ntdll.dll+0x637eb]
C  [ntdll.dll+0x637be]


---------------  P R O C E S S  ---------------

Java Threads: ( => current thread )

Other Threads:

=>0x001cc400 (exited) JavaThread "Unknown thread" [_thread_in_vm, id=2272, stack(0x007e0000,0x00830000)]

VM state:not at safepoint (not fully initialized)

VM Mutex/Monitor currently owned by a thread: None

GC Heap History (0 events):
No events

Deoptimization events (0 events):
No events

Internal exceptions (0 events):
No events

Events (10 events):
Event: 0.162 loading class 0x0052bf20 done
Event: 0.163 loading class 0x0052b9b0 done
Event: 0.163 loading class 0x0052b990
Event: 0.164 loading class 0x00532cd8
Event: 0.206 loading class 0x00532cd8 done
Event: 0.206 loading class 0x00532d08
Event: 0.221 loading class 0x00532d08 done
Event: 0.221 loading class 0x00532d38
Event: 0.221 loading class 0x00532d38 done
Event: 0.221 loading class 0x0052b990 done


Dynamic libraries:
0x008c0000 - 0x008ef000 	C:\Program Files\Java\jre7\bin\javaw.exe
0x77670000 - 0x777ac000 	C:\Windows\SYSTEM32\ntdll.dll
0x75ac0000 - 0x75b94000 	C:\Windows\system32\kernel32.dll
0x75700000 - 0x7574b000 	C:\Windows\system32\KERNELBASE.dll
0x76e10000 - 0x76eb0000 	C:\Windows\system32\ADVAPI32.dll
0x772d0000 - 0x7737c000 	C:\Windows\system32\msvcrt.dll
0x75e00000 - 0x75e19000 	C:\Windows\SYSTEM32\sechost.dll
0x770d0000 - 0x77172000 	C:\Windows\system32\RPCRT4.dll
0x759f0000 - 0x75ab9000 	C:\Windows\system32\USER32.dll
0x77850000 - 0x7789e000 	C:\Windows\system32\GDI32.dll
0x76a80000 - 0x76a8a000 	C:\Windows\system32\LPK.dll
0x77030000 - 0x770cd000 	C:\Windows\system32\USP10.dll
0x74200000 - 0x7439e000 	C:\Windows\WinSxS\x86_microsoft.windows.common-controls_6595b64144ccf1df_6.0.7601.17514_none_41e6975e2bd6f2b2\COMCTL32.dll
0x75d40000 - 0x75d97000 	C:\Windows\system32\SHLWAPI.dll
0x75de0000 - 0x75dff000 	C:\Windows\system32\IMM32.DLL
0x77380000 - 0x7744c000 	C:\Windows\system32\MSCTF.dll
0x71f80000 - 0x7203f000 	C:\Program Files\Java\jre7\bin\msvcr100.dll
0x60e70000 - 0x611f0000 	C:\Program Files\Java\jre7\bin\client\jvm.dll
0x72400000 - 0x72407000 	C:\Windows\system32\WSOCK32.dll
0x75da0000 - 0x75dd5000 	C:\Windows\system32\WS2_32.dll
0x75e20000 - 0x75e26000 	C:\Windows\system32\NSI.dll
0x735d0000 - 0x73602000 	C:\Windows\system32\WINMM.dll
0x777b0000 - 0x777b5000 	C:\Windows\system32\PSAPI.DLL
0x738a0000 - 0x738ac000 	C:\Program Files\Java\jre7\bin\verify.dll
0x736b0000 - 0x736d0000 	C:\Program Files\Java\jre7\bin\java.dll
0x73690000 - 0x736a3000 	C:\Program Files\Java\jre7\bin\zip.dll
0x74970000 - 0x74a5b000 	C:\Windows\system32\dbghelp.dll

VM Arguments:
jvm_args: -Dfile.encoding=Cp1252 -Xbootclasspath:C:\Users\Unlucky luke\Desktop\Projets 2014\sdk\platforms\android-10\android.jar 
java_command: esgi.priva2peer.communication.MD5Digest
Launcher Type: SUN_STANDARD

Environment Variables:
PATH=C:/Program Files/Java/jre7/bin/client;C:/Program Files/Java/jre7/bin;C:/Program Files/Java/jre7/lib/i386;C:\Program Files\Java\jre7\bin\;C:\Windows\system32;C:\Windows;C:\Windows\System32\Wbem;C:\Windows\System32\WindowsPowerShell\v1.0\;C:\Program Files\Microsoft\Web Platform Installer\;C:\Program Files\Microsoft ASP.NET\ASP.NET Web Pages\v1.0\;C:\Program Files\Windows Kits\8.0\Windows Performance Toolkit\;C:\Program Files\Microsoft SQL Server\110\Tools\Binn\;C:\OpenSSL-Win32\bin;C:\Program Files\MongoDB\bin;C:\Program Files\nodejs\;C:\Program Files\Java\jre7\bin\javaw.exe;C:\Users\Unlucky luke\AppData\Roaming\npm;C:\Users\Unlucky luke\Desktop\Projets 2014\eclipse;
USERNAME=Unlucky luke
OS=Windows_NT
PROCESSOR_IDENTIFIER=x86 Family 6 Model 23 Stepping 10, GenuineIntel



---------------  S Y S T E M  ---------------

OS: Windows 7 Build 7601 Service Pack 1

CPU:total 2 (2 cores per cpu, 1 threads per core) family 6 model 23 stepping 10, cmov, cx8, fxsr, mmx, sse, sse2, sse3, ssse3, tsc

Memory: 4k page, physical 3140440k(864528k free), swap 6279128k(1691188k free)

vm_info: Java HotSpot(TM) Client VM (24.55-b03) for windows-x86 JRE (1.7.0_55-b14), built on Apr 14 2014 18:25:32 by "java_re" with unknown MS VC++:1600

time: Sun Jun 15 18:54:08 2014
elapsed time: 0 seconds

